Information: Updating design information... (UID-85)
 
****************************************
Report : timing
        -path full
        -delay min
        -max_paths 1
Design : MyDesign
Version: P-2019.03-SP1
Date   : Wed Nov 17 21:48:07 2021
****************************************

Operating Conditions: fast   Library: NangateOpenCellLibrary_PDKv1_2_v2008_10_fast_nldm
Wire Load Model Mode: top

  Startpoint: u1/current_state_reg[1]
              (rising edge-triggered flip-flop clocked by clk)
  Endpoint: u1/current_state_reg[1]
            (rising edge-triggered flip-flop clocked by clk)
  Path Group: clk
  Path Type: min

  Point                                                   Incr       Path
  --------------------------------------------------------------------------
  clock clk (rise edge)                                 0.0000     0.0000
  clock network delay (ideal)                           0.0000     0.0000
  u1/current_state_reg[1]/CK (DFFR_X1)                  0.0000     0.0000 r
  u1/current_state_reg[1]/QN (DFFR_X1)                  0.0626     0.0626 f
  U227/ZN (NAND2_X1)                                    0.0218     0.0845 r
  U320/ZN (NAND2_X1)                                    0.0178     0.1023 f
  u1/current_state_reg[1]/D (DFFR_X1)                   0.0000     0.1023 f
  data arrival time                                                0.1023

  clock clk (rise edge)                                 0.0000     0.0000
  clock network delay (ideal)                           0.0000     0.0000
  clock uncertainty                                     0.0500     0.0500
  u1/current_state_reg[1]/CK (DFFR_X1)                  0.0000     0.0500 r
  library hold time                                     0.0022     0.0522
  data required time                                               0.0522
  --------------------------------------------------------------------------
  data required time                                               0.0522
  data arrival time                                               -0.1023
  --------------------------------------------------------------------------
  slack (MET)                                                      0.0500


1
